2025-08-21 16:00:02 [INFO] 技能发现系统初始化完成
[2025-08-21 16:00:02] [INFO] 开始构建技能索引...
[2025-08-21 16:00:02] [INFO] 发现技能: automated_quality_assurance
[2025-08-21 16:00:02] [INFO] 发现技能: content_deduplication
[2025-08-21 16:00:02] [INFO] 发现技能: enhanced_state_management
[2025-08-21 16:00:02] [INFO] 发现技能: intelligent_skill_discovery
[2025-08-21 16:00:02] [INFO] 发现技能: prompt_system_audit
[2025-08-21 16:00:02] [INFO] 发现技能: reference_formatting
[2025-08-21 16:00:02] [INFO] 发现技能: self_diagnosis
[2025-08-21 16:00:02] [INFO] 发现技能: self_evolution
[2025-08-21 16:00:02] [INFO] 发现技能: time_management
[2025-08-21 16:00:02] [INFO] 发现技能: weekly_report_generator
[2025-08-21 16:00:02] [SUCCESS] 技能索引构建完成，共发现 10 个技能
[2025-08-21 16:00:09] [INFO] 开始为任务推荐技能: 我需要创建一个网站的前端页面
[2025-08-21 16:00:09] [SUCCESS] 技能推荐完成，推荐ID: rec_1755763209_
[2025-08-21 16:00:25] [INFO] 开始为任务推荐技能: 我需要分析用户数据并生成报告
[2025-08-21 16:00:25] [SUCCESS] 技能推荐完成，推荐ID: rec_1755763225_6133
[2025-08-21 16:00:31] [INFO] 记录反馈: rec_1755763225_6133 -> success
[2025-08-21 16:00:31] [SUCCESS] 反馈记录完成
[2025-08-21 16:00:38] [INFO] 显示技能发现统计信息
[2025-08-21 16:22:00] [INFO] 开始构建技能索引...
[2025-08-21 16:22:00] [INFO] 发现技能: automated_quality_assurance
[2025-08-21 16:22:00] [INFO] 发现技能: content_deduplication
[2025-08-21 16:22:00] [INFO] 发现技能: enhanced_state_management
[2025-08-21 16:22:00] [INFO] 发现技能: intelligent_skill_discovery
[2025-08-21 16:22:00] [INFO] 发现技能: prompt_system_audit
[2025-08-21 16:22:00] [INFO] 发现技能: reference_formatting
[2025-08-21 16:22:00] [INFO] 发现技能: self_diagnosis
[2025-08-21 16:22:00] [INFO] 发现技能: self_evolution
[2025-08-21 16:22:00] [INFO] 发现技能: time_management
[2025-08-21 16:22:00] [INFO] 发现技能: weekly_report_generator
[2025-08-21 16:22:00] [SUCCESS] 技能索引构建完成，共发现 10 个技能
[2025-08-21 16:22:58] [INFO] 开始构建技能索引...
[2025-08-21 16:22:58] [INFO] 发现技能: system_prompt
[2025-08-21 16:22:58] [SUCCESS] 技能索引构建完成，共发现 1 个技能
[2025-08-21 16:24:36] [INFO] 开始构建技能索引...
[2025-08-21 16:24:36] [INFO] 发现技能: data_analysis_reporting
[2025-08-21 16:24:36] [INFO] 发现技能: frontend_web_development
[2025-08-21 16:24:36] [INFO] 发现技能: react_component_development
[2025-08-21 16:24:36] [INFO] 发现技能: system_prompt
[2025-08-21 16:24:36] [SUCCESS] 技能索引构建完成，共发现 4 个技能
[2025-08-22 15:34:24] [ERROR] 未知命令: status
[2025-08-22 15:34:24] [ERROR] 未知命令: analyze
[2025-08-22 15:34:24] [ERROR] 未知命令: status
[2025-08-22 15:37:17] [INFO] 分析代码文件: outputs/integration_test_20250822_153717.py
[2025-08-22 15:37:52] [INFO] 分析代码文件: outputs/integration_test_20250822_153752.py
[2025-08-22 15:56:03] [INFO] 分析代码文件: outputs/integration_test_20250822_155603.py
