[INFO] åˆå§‹åŒ–å®‰å…¨ç³»ç»Ÿ...
[2025-08-22 10:37:59] INFO: åˆå§‹åŒ–å®‰å…¨ç³»ç»Ÿ...
[INFO] æ£€æŸ¥ä¾èµ–...
[2025-08-22 10:37:59] INFO: æ£€æŸ¥ä¾èµ–...
[0;32m[SUCCESS][0m ä¾èµ–æ£€æŸ¥é€šè¿‡
[2025-08-22 10:37:59] SUCCESS: ä¾èµ–æ£€æŸ¥é€šè¿‡
[INFO] åˆå§‹åŒ–ç›®å½•ç»“æ„...
[2025-08-22 10:38:00] INFO: åˆå§‹åŒ–ç›®å½•ç»“æ„...
[0;32m[SUCCESS][0m ç›®å½•ç»“æ„åˆå§‹åŒ–å®Œæˆ
[2025-08-22 10:38:00] SUCCESS: ç›®å½•ç»“æ„åˆå§‹åŒ–å®Œæˆ
[0;32m[SUCCESS][0m å®‰å…¨ç³»ç»Ÿåˆå§‹åŒ–å®Œæˆ
[2025-08-22 10:38:00] SUCCESS: å®‰å…¨ç³»ç»Ÿåˆå§‹åŒ–å®Œæˆ
[INFO] å®‰å…¨ç³»ç»ŸçŠ¶æ€:
[2025-08-22 10:38:05] INFO: å®‰å…¨ç³»ç»ŸçŠ¶æ€:
[INFO] è¿è¡Œå®‰å…¨ç³»ç»Ÿæµ‹è¯•...
[2025-08-22 10:38:10] INFO: è¿è¡Œå®‰å…¨ç³»ç»Ÿæµ‹è¯•...
[0;32m[SUCCESS][0m å®‰å…¨ç®¡ç†å™¨æµ‹è¯•é€šè¿‡
[2025-08-22 10:38:10] SUCCESS: å®‰å…¨ç®¡ç†å™¨æµ‹è¯•é€šè¿‡
[0;32m[SUCCESS][0m å®‰å…¨é›†æˆæµ‹è¯•é€šè¿‡
[2025-08-22 10:38:10] SUCCESS: å®‰å…¨é›†æˆæµ‹è¯•é€šè¿‡
[0;32m[SUCCESS][0m å®‰å…¨ç³»ç»Ÿæµ‹è¯•å®Œæˆ
[2025-08-22 10:38:10] SUCCESS: å®‰å…¨ç³»ç»Ÿæµ‹è¯•å®Œæˆ
[INFO] æ£€æŸ¥ç”¨æˆ·çŠ¶æ€: admin
[2025-08-22 10:38:16] INFO: æ£€æŸ¥ç”¨æˆ·çŠ¶æ€: admin
[INFO] éªŒè¯æ“ä½œ: user -> write -> outputs/test.txt
[2025-08-22 10:38:21] INFO: éªŒè¯æ“ä½œ: user -> write -> outputs/test.txt
[INFO] ç”Ÿæˆå®‰å…¨æŠ¥å‘Š (æœ€è¿‘ 7 å¤©)...
[2025-08-22 10:38:28] INFO: ç”Ÿæˆå®‰å…¨æŠ¥å‘Š (æœ€è¿‘ 7 å¤©)...
[0;32m[SUCCESS][0m å®‰å…¨æŠ¥å‘Šå·²ç”Ÿæˆ: /Users/xuke/OtherProject/_self/gg/outputs/security/security_report_20250822_103828.json
[2025-08-22 10:38:28] SUCCESS: å®‰å…¨æŠ¥å‘Šå·²ç”Ÿæˆ: /Users/xuke/OtherProject/_self/gg/outputs/security/security_report_20250822_103828.json
[INFO] å®‰å…¨ç³»ç»ŸçŠ¶æ€:
[2025-08-22 15:34:24] INFO: å®‰å…¨ç³»ç»ŸçŠ¶æ€:
[INFO] éªŒè¯æ“ä½œ: user -> read -> outputs/integration_test_20250822_153424.py
[2025-08-22 15:34:24] INFO: éªŒè¯æ“ä½œ: user -> read -> outputs/integration_test_20250822_153424.py
[INFO] å®‰å…¨ç³»ç»ŸçŠ¶æ€:
[2025-08-22 15:34:25] INFO: å®‰å…¨ç³»ç»ŸçŠ¶æ€:
[INFO] å®‰å…¨ç³»ç»ŸçŠ¶æ€:
[2025-08-22 15:37:17] INFO: å®‰å…¨ç³»ç»ŸçŠ¶æ€:
[INFO] éªŒè¯æ“ä½œ: user -> read -> outputs/integration_test_20250822_153717.py
[2025-08-22 15:37:17] INFO: éªŒè¯æ“ä½œ: user -> read -> outputs/integration_test_20250822_153717.py
[INFO] å®‰å…¨ç³»ç»ŸçŠ¶æ€:
[2025-08-22 15:37:17] INFO: å®‰å…¨ç³»ç»ŸçŠ¶æ€:
[INFO] å®‰å…¨ç³»ç»ŸçŠ¶æ€:
[2025-08-22 15:37:52] INFO: å®‰å…¨ç³»ç»ŸçŠ¶æ€:
[INFO] éªŒè¯æ“ä½œ: user -> read -> outputs/integration_test_20250822_153752.py
[2025-08-22 15:37:52] INFO: éªŒè¯æ“ä½œ: user -> read -> outputs/integration_test_20250822_153752.py
[INFO] å®‰å…¨ç³»ç»ŸçŠ¶æ€:
[2025-08-22 15:37:53] INFO: å®‰å…¨ç³»ç»ŸçŠ¶æ€:
[INFO] å®‰å…¨ç³»ç»ŸçŠ¶æ€:
[2025-08-22 15:56:03] INFO: å®‰å…¨ç³»ç»ŸçŠ¶æ€:
[INFO] éªŒè¯æ“ä½œ: user -> read -> outputs/integration_test_20250822_155603.py
[2025-08-22 15:56:03] INFO: éªŒè¯æ“ä½œ: user -> read -> outputs/integration_test_20250822_155603.py
[INFO] å®‰å…¨ç³»ç»ŸçŠ¶æ€:
[2025-08-22 15:56:04] INFO: å®‰å…¨ç³»ç»ŸçŠ¶æ€:
