[2025-08-21 15:47:31] [INFO] 质量保证系统初始化完成
[2025-08-21 15:47:31] [INFO] 系统版本: 1.0.0
[2025-08-21 15:47:31] [INFO] 配置加载成功
[2025-08-21 15:47:31] [INFO] 所有检查器已注册
[2025-08-21 15:47:52] [INFO] 开始全面质量检查
[2025-08-21 15:47:52] [INFO] 开始文件完整性检查: /Users/xuke/OtherProject/_self/gg
[2025-08-21 15:48:12] [INFO] 开始全面质量检查
[2025-08-21 15:48:12] [INFO] 开始文件完整性检查: /Users/xuke/OtherProject/_self/gg
[2025-08-21 15:48:34] [INFO] 开始全面质量检查
[2025-08-21 15:48:34] [INFO] 开始文件完整性检查: /Users/xuke/OtherProject/_self/gg
[2025-08-21 15:48:35] [INFO] 文件完整性检查完成: PASS (通过率: 100.00%)
[2025-08-21 15:48:35] [INFO] 开始状态一致性检查
[2025-08-21 15:48:35] [ERROR] 状态文件缺失: /Users/xuke/OtherProject/_self/gg/state/system_state.json
[2025-08-21 15:48:35] [ERROR] 状态文件缺失: /Users/xuke/OtherProject/_self/gg/state/performance.json
[2025-08-21 15:48:35] [ERROR] 状态文件缺失: /Users/xuke/OtherProject/_self/gg/state/health_check.json
[2025-08-21 15:48:35] [INFO] 状态一致性检查完成: FAIL (通过率: 0%)
[2025-08-21 15:48:35] [INFO] 开始性能阈值检查
[2025-08-21 15:48:35] [INFO] 性能阈值检查完成: PASS (通过率: 100.00%)
[2025-08-21 15:48:35] [INFO] 全面质量检查完成，总体分数: 70
[2025-08-21 15:48:57] [INFO] 开始全面质量检查
[2025-08-21 15:48:57] [INFO] 开始文件完整性检查: /Users/xuke/OtherProject/_self/gg
[2025-08-21 15:48:57] [INFO] 文件完整性检查完成: PASS (通过率: 100.00%)
[2025-08-21 15:48:57] [INFO] 开始状态一致性检查
[2025-08-21 15:48:57] [ERROR] 状态文件缺失: /Users/xuke/OtherProject/_self/gg/state/system_state.json
[2025-08-21 15:48:57] [ERROR] 状态文件缺失: /Users/xuke/OtherProject/_self/gg/state/performance.json
[2025-08-21 15:48:57] [ERROR] 状态文件缺失: /Users/xuke/OtherProject/_self/gg/state/health_check.json
[2025-08-21 15:48:57] [INFO] 状态一致性检查完成: FAIL (通过率: 0%)
[2025-08-21 15:48:57] [INFO] 开始性能阈值检查
[2025-08-21 15:48:57] [INFO] 性能阈值检查完成: PASS (通过率: 100.00%)
[2025-08-21 15:48:57] [INFO] 全面质量检查完成，总体分数: 70
[2025-08-21 15:51:59] [INFO] 开始全面质量检查
[2025-08-21 15:51:59] [INFO] 开始文件完整性检查: /Users/xuke/OtherProject/_self/gg
[2025-08-21 15:52:00] [INFO] 文件完整性检查完成: PASS (通过率: 100.00%)
[2025-08-21 15:52:00] [INFO] 开始状态一致性检查
[2025-08-21 15:52:00] [INFO] 状态一致性检查完成: PASS (通过率: 100.00%)
[2025-08-21 15:52:00] [INFO] 开始性能阈值检查
[2025-08-21 15:52:00] [INFO] 性能阈值检查完成: PASS (通过率: 100.00%)
[2025-08-21 15:52:00] [INFO] 全面质量检查完成，总体分数: 100
