[2025-08-14 17:33:40] [INFO] 初始化监控日志文件
[2025-08-14 17:33:40] [INFO] 开始持续监控 - 监控目录: ./prompts
[2025-08-14 17:33:40] [INFO] 执行单次监控检查
[2025-08-14 17:33:40] [INFO] 执行系统健康检查...
[2025-08-14 17:33:40] [SUCCESS] 系统健康检查通过
[2025-08-14 17:33:40] [INFO] 收集质量指标...
[2025-08-14 17:33:40] [METRIC] 总模块数:       19
[2025-08-14 17:33:41] [METRIC] 元数据完整性: 0% (0/      19)
[2025-08-14 17:33:41] [METRIC] 平均文件大小: 56736 字节
[2025-08-14 17:33:41] [METRIC] 最近7天更新的模块:       19
[2025-08-14 17:33:41] [METRIC] 未提交变更:       17
[2025-08-14 17:33:41] [METRIC] 最后提交: 7c2884d v9.2.5: 建立提示词系统审查与重构框架
[2025-08-14 17:33:41] [INFO] 检查告警条件...
[2025-08-14 17:33:41] [INFO] 运行质量审查...
[2025-08-14 17:33:41] [SUCCESS] 质量审查完成
[2025-08-14 17:33:41] [METRIC] 审查发现模块数: 19
[2025-08-14 17:33:41] [INFO] 最新审查报告: outputs/simple_audit_20250814_173341.md
[2025-08-14 17:33:41] [INFO] 生成监控报告: ./outputs/monitoring/monitoring_report_20250814_173341.md
[2025-08-14 17:33:41] [INFO] 执行系统健康检查...
[2025-08-14 17:33:41] [SUCCESS] 系统健康检查通过
[2025-08-14 17:33:41] [INFO] 收集质量指标...
[2025-08-14 17:33:41] [METRIC] 总模块数:       19
[2025-08-14 17:33:41] [METRIC] 元数据完整性: 0% (0/      19)
[2025-08-14 17:33:41] [METRIC] 平均文件大小: 56736 字节
[2025-08-14 17:33:41] [METRIC] 最近7天更新的模块:       19
[2025-08-14 17:33:42] [METRIC] 未提交变更:       18
[2025-08-14 17:33:42] [METRIC] 最后提交: 7c2884d v9.2.5: 建立提示词系统审查与重构框架
[2025-08-14 17:33:42] [SUCCESS] 监控报告已生成
[2025-08-14 17:33:42] [INFO] 清理旧监控报告...
[2025-08-14 17:33:42] [SUCCESS] 单次监控检查完成
[2025-08-14 17:36:13] [INFO] 开始持续监控 - 监控目录: ./prompts
[2025-08-14 17:36:13] [INFO] 执行单次监控检查
[2025-08-14 17:36:13] [INFO] 执行系统健康检查...
[2025-08-14 17:36:13] [SUCCESS] 系统健康检查通过
[2025-08-14 17:36:13] [INFO] 收集质量指标...
[2025-08-14 17:36:13] [METRIC] 总模块数: 19
[2025-08-14 17:36:13] [METRIC] 元数据完整性: 0% (0/19)
[2025-08-14 17:36:13] [METRIC] 平均文件大小: 2986 字节
[2025-08-14 17:36:13] [METRIC] 最近7天更新的模块: 19
[2025-08-14 17:36:14] [METRIC] 未提交变更: 1
[2025-08-14 17:36:14] [METRIC] 最后提交: b5d9ea5 v9.3.0: 建立元数据标准化与质量监控体系
[2025-08-14 17:36:14] [INFO] 检查告警条件...
[2025-08-14 17:36:14] [INFO] 运行质量审查...
[2025-08-14 17:36:14] [SUCCESS] 质量审查完成
[2025-08-14 17:36:14] [METRIC] 审查发现模块数: 19
[2025-08-14 17:36:14] [INFO] 最新审查报告: outputs/simple_audit_20250814_173614.md
[2025-08-14 17:36:14] [INFO] 生成监控报告: ./outputs/monitoring/monitoring_report_20250814_173614.md
[2025-08-14 17:36:14] [INFO] 执行系统健康检查...
[2025-08-14 17:36:14] [SUCCESS] 系统健康检查通过
[2025-08-14 17:36:14] [INFO] 收集质量指标...
[2025-08-14 17:36:14] [METRIC] 总模块数: 19
[2025-08-14 17:36:14] [METRIC] 元数据完整性: 0% (0/19)
[2025-08-14 17:36:14] [METRIC] 平均文件大小: 2986 字节
[2025-08-14 17:36:14] [METRIC] 最近7天更新的模块: 19
[2025-08-14 17:36:14] [METRIC] 未提交变更: 3
[2025-08-14 17:36:14] [METRIC] 最后提交: b5d9ea5 v9.3.0: 建立元数据标准化与质量监控体系
[2025-08-14 17:36:14] [SUCCESS] 监控报告已生成
[2025-08-14 17:36:14] [INFO] 清理旧监控报告...
[2025-08-14 17:36:14] [SUCCESS] 单次监控检查完成
[2025-08-14 17:42:15] [INFO] 开始持续监控 - 监控目录: ./prompts
[2025-08-14 17:42:15] [INFO] 执行单次监控检查
[2025-08-14 17:42:15] [INFO] 执行系统健康检查...
[2025-08-14 17:42:15] [SUCCESS] 系统健康检查通过
[2025-08-14 17:42:15] [INFO] 收集质量指标...
[2025-08-14 17:42:15] [METRIC] 总模块数: 19
[2025-08-14 17:42:15] [METRIC] 元数据完整性: 100% (19/19)
[2025-08-14 17:42:15] [METRIC] 平均文件大小: 2986 字节
[2025-08-14 17:42:15] [METRIC] 最近7天更新的模块: 19
[2025-08-14 17:42:16] [METRIC] 未提交变更: 13
[2025-08-14 17:42:16] [METRIC] 最后提交: 0c2e0c4 feat(monitoring): 添加监控报告和审查报告生成功能
[2025-08-14 17:42:16] [INFO] 检查告警条件...
[2025-08-14 17:42:16] [INFO] 指标值: 缺失元数据=0, 完整性=0%, 未提交=0
[2025-08-14 17:42:16] [ERROR] 告警: 元数据完整性过低 (0% < 80%)
[2025-08-14 17:42:16] [INFO] 告警检查完成
[2025-08-14 17:42:16] [INFO] 运行质量审查...
[2025-08-14 17:42:16] [SUCCESS] 质量审查完成
[2025-08-14 17:42:16] [METRIC] 审查发现模块数: 19
[2025-08-14 17:42:16] [INFO] 最新审查报告: outputs/simple_audit_20250814_174216.md
[2025-08-14 17:42:16] [INFO] 生成监控报告: ./outputs/monitoring/monitoring_report_20250814_174216.md
[2025-08-14 17:42:16] [INFO] 执行系统健康检查...
[2025-08-14 17:42:16] [SUCCESS] 系统健康检查通过
[2025-08-14 17:42:16] [INFO] 收集质量指标...
[2025-08-14 17:42:16] [METRIC] 总模块数: 19
[2025-08-14 17:42:16] [METRIC] 元数据完整性: 100% (19/19)
[2025-08-14 17:42:16] [METRIC] 平均文件大小: 2986 字节
[2025-08-14 17:42:16] [METRIC] 最近7天更新的模块: 19
[2025-08-14 17:42:16] [METRIC] 未提交变更: 15
[2025-08-14 17:42:16] [METRIC] 最后提交: 0c2e0c4 feat(monitoring): 添加监控报告和审查报告生成功能
[2025-08-14 17:42:16] [SUCCESS] 监控报告已生成
[2025-08-14 17:42:16] [INFO] 清理旧监控报告...
[2025-08-14 17:42:16] [SUCCESS] 单次监控检查完成
[2025-08-14 17:42:22] [INFO] 开始持续监控 - 监控目录: ./prompts
[2025-08-14 17:42:22] [INFO] 执行单次监控检查
[2025-08-14 17:42:22] [INFO] 执行系统健康检查...
[2025-08-14 17:42:22] [SUCCESS] 系统健康检查通过
[2025-08-14 17:42:22] [INFO] 收集质量指标...
[2025-08-14 17:42:22] [METRIC] 总模块数: 19
[2025-08-14 17:42:23] [METRIC] 元数据完整性: 100% (19/19)
[2025-08-14 17:42:23] [METRIC] 平均文件大小: 2986 字节
[2025-08-14 17:42:23] [METRIC] 最近7天更新的模块: 19
[2025-08-14 17:42:23] [METRIC] 未提交变更: 15
[2025-08-14 17:42:23] [METRIC] 最后提交: 0c2e0c4 feat(monitoring): 添加监控报告和审查报告生成功能
[2025-08-14 17:42:23] [INFO] 检查告警条件...
[2025-08-14 17:42:23] [INFO] 指标值: 缺失元数据=0, 完整性=0%, 未提交=0
[2025-08-14 17:42:23] [ERROR] 告警: 元数据完整性过低 (0% < 80%)
[2025-08-14 17:42:23] [INFO] 告警检查完成
[2025-08-14 17:42:23] [INFO] 运行质量审查...
[2025-08-14 17:42:23] [SUCCESS] 质量审查完成
[2025-08-14 17:42:23] [METRIC] 审查发现模块数: 19
[2025-08-14 17:42:23] [INFO] 最新审查报告: outputs/simple_audit_20250814_174223.md
[2025-08-14 17:42:23] [INFO] 生成监控报告: ./outputs/monitoring/monitoring_report_20250814_174223.md
[2025-08-14 17:42:23] [INFO] 执行系统健康检查...
[2025-08-14 17:42:23] [SUCCESS] 系统健康检查通过
[2025-08-14 17:42:23] [INFO] 收集质量指标...
[2025-08-14 17:42:23] [METRIC] 总模块数: 19
[2025-08-14 17:42:24] [METRIC] 元数据完整性: 100% (19/19)
[2025-08-14 17:42:24] [METRIC] 平均文件大小: 2986 字节
[2025-08-14 17:42:24] [METRIC] 最近7天更新的模块: 19
[2025-08-14 17:42:24] [METRIC] 未提交变更: 17
[2025-08-14 17:42:24] [METRIC] 最后提交: 0c2e0c4 feat(monitoring): 添加监控报告和审查报告生成功能
[2025-08-14 17:42:24] [SUCCESS] 监控报告已生成
[2025-08-14 17:42:24] [INFO] 清理旧监控报告...
[2025-08-14 17:42:24] [SUCCESS] 单次监控检查完成
[2025-08-14 17:43:18] [INFO] 开始持续监控 - 监控目录: ./prompts
[2025-08-14 17:43:18] [INFO] 执行单次监控检查
[2025-08-14 17:43:18] [INFO] 执行系统健康检查...
[2025-08-14 17:43:18] [SUCCESS] 系统健康检查通过
[2025-08-14 17:43:18] [INFO] 收集质量指标...
[2025-08-14 17:43:18] [METRIC] 总模块数: 19
[2025-08-14 17:43:18] [METRIC] 元数据完整性: 100% (19/19)
[2025-08-14 17:43:18] [METRIC] 平均文件大小: 2986 字节
[2025-08-14 17:43:18] [METRIC] 最近7天更新的模块: 19
[2025-08-14 17:43:18] [METRIC] 未提交变更: 17
[2025-08-14 17:43:18] [METRIC] 最后提交: 0c2e0c4 feat(monitoring): 添加监控报告和审查报告生成功能
[2025-08-14 17:43:18] [INFO] 检查告警条件...
[2025-08-14 17:43:18] [INFO] 指标值: 缺失元数据=0, 完整性=0%, 未提交=0
[2025-08-14 17:43:18] [ERROR] 告警: 元数据完整性过低 (0% < 80%)
[2025-08-14 17:43:18] [INFO] 告警检查完成
[2025-08-14 17:43:18] [INFO] 运行质量审查...
[2025-08-14 17:43:19] [SUCCESS] 质量审查完成
[2025-08-14 17:43:19] [METRIC] 审查发现模块数: 19
[2025-08-14 17:43:19] [INFO] 最新审查报告: outputs/simple_audit_20250814_174318.md
[2025-08-14 17:43:19] [INFO] 生成监控报告: ./outputs/monitoring/monitoring_report_20250814_174319.md
[2025-08-14 17:43:19] [INFO] 收集质量指标...
[2025-08-14 17:43:19] [METRIC] 总模块数: 19
[2025-08-14 17:43:19] [METRIC] 元数据完整性: 100% (19/19)
[2025-08-14 17:43:19] [METRIC] 平均文件大小: 2986 字节
[2025-08-14 17:43:19] [METRIC] 最近7天更新的模块: 19
[2025-08-14 17:43:19] [METRIC] 未提交变更: 18
[2025-08-14 17:43:19] [METRIC] 最后提交: 0c2e0c4 feat(monitoring): 添加监控报告和审查报告生成功能
[2025-08-14 17:43:19] [INFO] 执行系统健康检查...
[2025-08-14 17:43:19] [SUCCESS] 系统健康检查通过
[2025-08-14 17:43:19] [SUCCESS] 监控报告已生成
[2025-08-14 17:43:19] [INFO] 清理旧监控报告...
[2025-08-14 17:43:19] [SUCCESS] 单次监控检查完成
[2025-08-14 17:43:27] [INFO] 开始持续监控 - 监控目录: ./prompts
[2025-08-14 17:43:27] [INFO] 执行单次监控检查
[2025-08-14 17:43:27] [INFO] 执行系统健康检查...
[2025-08-14 17:43:27] [SUCCESS] 系统健康检查通过
[2025-08-14 17:43:27] [INFO] 收集质量指标...
[2025-08-14 17:43:27] [METRIC] 总模块数: 19
[2025-08-14 17:43:27] [METRIC] 元数据完整性: 100% (19/19)
[2025-08-14 17:43:27] [METRIC] 平均文件大小: 2986 字节
[2025-08-14 17:43:27] [METRIC] 最近7天更新的模块: 19
[2025-08-14 17:43:27] [METRIC] 未提交变更: 19
[2025-08-14 17:43:27] [METRIC] 最后提交: 0c2e0c4 feat(monitoring): 添加监控报告和审查报告生成功能
[2025-08-14 17:43:27] [INFO] 检查告警条件...
[2025-08-14 17:43:27] [INFO] 指标值: 缺失元数据=0, 完整性=0%, 未提交=0
[2025-08-14 17:43:27] [ERROR] 告警: 元数据完整性过低 (0% < 80%)
[2025-08-14 17:43:27] [INFO] 告警检查完成
[2025-08-14 17:43:27] [INFO] 运行质量审查...
[2025-08-14 17:43:28] [SUCCESS] 质量审查完成
[2025-08-14 17:43:28] [METRIC] 审查发现模块数: 19
[2025-08-14 17:43:28] [INFO] 最新审查报告: outputs/simple_audit_20250814_174327.md
[2025-08-14 17:43:28] [INFO] 生成监控报告: ./outputs/monitoring/monitoring_report_20250814_174328.md
[2025-08-14 17:43:28] [INFO] 收集质量指标...
[2025-08-14 17:43:28] [METRIC] 总模块数: 19
[2025-08-14 17:43:28] [METRIC] 元数据完整性: 100% (19/19)
[2025-08-14 17:43:28] [METRIC] 平均文件大小: 2986 字节
[2025-08-14 17:43:28] [METRIC] 最近7天更新的模块: 19
[2025-08-14 17:43:28] [METRIC] 未提交变更: 20
[2025-08-14 17:43:28] [METRIC] 最后提交: 0c2e0c4 feat(monitoring): 添加监控报告和审查报告生成功能
[2025-08-14 17:43:28] [INFO] 执行系统健康检查...
[2025-08-14 17:43:28] [SUCCESS] 系统健康检查通过
[2025-08-14 17:43:28] [SUCCESS] 监控报告已生成
[2025-08-14 17:43:28] [INFO] 清理旧监控报告...
[2025-08-14 17:43:28] [SUCCESS] 单次监控检查完成
[2025-08-14 17:43:28] [INFO] 收集质量指标...
[2025-08-14 17:43:28] [METRIC] 总模块数: 19
[2025-08-14 17:43:29] [METRIC] 元数据完整性: 100% (19/19)
[2025-08-14 17:43:29] [METRIC] 平均文件大小: 2986 字节
[2025-08-14 17:43:29] [METRIC] 最近7天更新的模块: 19
[2025-08-14 17:43:29] [METRIC] 未提交变更: 21
[2025-08-14 17:43:29] [METRIC] 最后提交: 0c2e0c4 feat(monitoring): 添加监控报告和审查报告生成功能
[2025-08-14 17:43:47] [INFO] 开始持续监控 - 监控目录: ./prompts
[2025-08-14 17:43:47] [INFO] 执行单次监控检查
[2025-08-14 17:43:47] [INFO] 执行系统健康检查...
[2025-08-14 17:43:47] [SUCCESS] 系统健康检查通过
[2025-08-14 17:43:47] [INFO] 收集质量指标...
[2025-08-14 17:43:47] [METRIC] 总模块数: 19
[2025-08-14 17:43:48] [METRIC] 元数据完整性: 100% (19/19)
[2025-08-14 17:43:48] [METRIC] 平均文件大小: 2986 字节
[2025-08-14 17:43:48] [METRIC] 最近7天更新的模块: 19
[2025-08-14 17:43:48] [METRIC] 未提交变更: 21
[2025-08-14 17:43:48] [METRIC] 最后提交: 0c2e0c4 feat(monitoring): 添加监控报告和审查报告生成功能
[2025-08-14 17:43:48] [INFO] 检查告警条件...
[2025-08-14 17:43:48] [INFO] 指标值: 缺失元数据=0, 完整性=0%, 未提交=0
[2025-08-14 17:43:48] [ERROR] 告警: 元数据完整性过低 (0% < 80%)
[2025-08-14 17:43:48] [INFO] 告警检查完成
[2025-08-14 17:43:48] [INFO] 运行质量审查...
[2025-08-14 17:43:48] [SUCCESS] 质量审查完成
[2025-08-14 17:43:48] [METRIC] 审查发现模块数: 19
[2025-08-14 17:43:48] [INFO] 最新审查报告: outputs/simple_audit_20250814_174348.md
[2025-08-14 17:43:48] [INFO] 生成监控报告: ./outputs/monitoring/monitoring_report_20250814_174348.md
[2025-08-14 17:43:48] [INFO] 收集质量指标...
[2025-08-14 17:43:48] [METRIC] 总模块数: 19
[2025-08-14 17:43:49] [METRIC] 元数据完整性: 100% (19/19)
[2025-08-14 17:43:49] [METRIC] 平均文件大小: 2986 字节
[2025-08-14 17:43:49] [METRIC] 最近7天更新的模块: 19
[2025-08-14 17:43:49] [METRIC] 未提交变更: 22
[2025-08-14 17:43:49] [METRIC] 最后提交: 0c2e0c4 feat(monitoring): 添加监控报告和审查报告生成功能
[2025-08-14 17:43:49] [INFO] 执行系统健康检查...
[2025-08-14 17:43:49] [SUCCESS] 系统健康检查通过
[2025-08-14 17:43:49] [SUCCESS] 监控报告已生成
[2025-08-14 17:43:49] [INFO] 清理旧监控报告...
[2025-08-14 17:43:49] [SUCCESS] 单次监控检查完成
[2025-08-14 17:43:55] [INFO] 开始持续监控 - 监控目录: ./prompts
[2025-08-14 17:43:55] [INFO] 执行单次监控检查
[2025-08-14 17:43:55] [INFO] 执行系统健康检查...
[2025-08-14 17:43:55] [SUCCESS] 系统健康检查通过
[2025-08-14 17:43:55] [INFO] 收集质量指标...
[2025-08-14 17:43:55] [METRIC] 总模块数: 19
[2025-08-14 17:43:55] [METRIC] 元数据完整性: 100% (19/19)
[2025-08-14 17:43:55] [METRIC] 平均文件大小: 2986 字节
[2025-08-14 17:43:55] [METRIC] 最近7天更新的模块: 19
[2025-08-14 17:43:55] [METRIC] 未提交变更: 23
[2025-08-14 17:43:55] [METRIC] 最后提交: 0c2e0c4 feat(monitoring): 添加监控报告和审查报告生成功能
[2025-08-14 17:43:55] [INFO] 检查告警条件...
[2025-08-14 17:43:55] [INFO] 指标值: 缺失元数据=0, 完整性=0%, 未提交=0
[2025-08-14 17:43:55] [ERROR] 告警: 元数据完整性过低 (0% < 80%)
[2025-08-14 17:43:55] [INFO] 告警检查完成
[2025-08-14 17:43:55] [INFO] 运行质量审查...
[2025-08-14 17:43:55] [SUCCESS] 质量审查完成
[2025-08-14 17:43:55] [METRIC] 审查发现模块数: 19
[2025-08-14 17:43:55] [INFO] 最新审查报告: outputs/simple_audit_20250814_174355.md
[2025-08-14 17:43:55] [INFO] 生成监控报告: ./outputs/monitoring/monitoring_report_20250814_174355.md
[2025-08-14 17:43:55] [INFO] 收集质量指标...
[2025-08-14 17:43:55] [METRIC] 总模块数: 19
[2025-08-14 17:43:56] [METRIC] 元数据完整性: 100% (19/19)
[2025-08-14 17:43:56] [METRIC] 平均文件大小: 2986 字节
[2025-08-14 17:43:56] [METRIC] 最近7天更新的模块: 19
[2025-08-14 17:43:56] [METRIC] 未提交变更: 24
[2025-08-14 17:43:56] [METRIC] 最后提交: 0c2e0c4 feat(monitoring): 添加监控报告和审查报告生成功能
[2025-08-14 17:43:56] [INFO] 执行系统健康检查...
[2025-08-14 17:43:56] [SUCCESS] 系统健康检查通过
[2025-08-14 17:43:56] [SUCCESS] 监控报告已生成
[2025-08-14 17:43:56] [INFO] 清理旧监控报告...
[2025-08-14 17:43:56] [SUCCESS] 单次监控检查完成
[2025-08-14 17:43:56] [INFO] 收集质量指标...
[2025-08-14 17:43:56] [METRIC] 总模块数: 19
[2025-08-14 17:43:56] [METRIC] 元数据完整性: 100% (19/19)
[2025-08-14 17:43:56] [METRIC] 平均文件大小: 2986 字节
[2025-08-14 17:43:56] [METRIC] 最近7天更新的模块: 19
[2025-08-14 17:43:56] [METRIC] 未提交变更: 25
[2025-08-14 17:43:56] [METRIC] 最后提交: 0c2e0c4 feat(monitoring): 添加监控报告和审查报告生成功能
[2025-08-14 17:44:20] [INFO] 开始持续监控 - 监控目录: ./prompts
[2025-08-14 17:44:20] [INFO] 执行单次监控检查
[2025-08-14 17:44:20] [INFO] 执行系统健康检查...
[2025-08-14 17:44:20] [SUCCESS] 系统健康检查通过
[2025-08-14 17:44:20] [INFO] 收集质量指标...
[2025-08-14 17:44:20] [METRIC] 总模块数: 19
[2025-08-14 17:44:20] [METRIC] 元数据完整性: 100% (19/19)
[2025-08-14 17:44:20] [METRIC] 平均文件大小: 2986 字节
[2025-08-14 17:44:20] [METRIC] 最近7天更新的模块: 19
[2025-08-14 17:44:20] [METRIC] 未提交变更: 25
[2025-08-14 17:44:20] [METRIC] 最后提交: 0c2e0c4 feat(monitoring): 添加监控报告和审查报告生成功能
[2025-08-14 17:44:20] [INFO] 检查告警条件...
[2025-08-14 17:44:20] [INFO] 指标值: 缺失元数据=0, 完整性=0%, 未提交=0
[2025-08-14 17:44:20] [ERROR] 告警: 元数据完整性过低 (0% < 80%)
[2025-08-14 17:44:20] [INFO] 告警检查完成
[2025-08-14 17:44:20] [INFO] 运行质量审查...
[2025-08-14 17:44:21] [SUCCESS] 质量审查完成
[2025-08-14 17:44:21] [METRIC] 审查发现模块数: 19
[2025-08-14 17:44:21] [INFO] 最新审查报告: outputs/simple_audit_20250814_174420.md
[2025-08-14 17:44:21] [INFO] 生成监控报告: ./outputs/monitoring/monitoring_report_20250814_174421.md
[2025-08-14 17:44:21] [INFO] 收集质量指标...
[2025-08-14 17:44:21] [METRIC] 总模块数: 19
[2025-08-14 17:44:21] [METRIC] 元数据完整性: 100% (19/19)
[2025-08-14 17:44:21] [METRIC] 平均文件大小: 2986 字节
[2025-08-14 17:44:21] [METRIC] 最近7天更新的模块: 19
[2025-08-14 17:44:21] [METRIC] 未提交变更: 26
[2025-08-14 17:44:21] [METRIC] 最后提交: 0c2e0c4 feat(monitoring): 添加监控报告和审查报告生成功能
[2025-08-14 17:44:21] [INFO] 执行系统健康检查...
[2025-08-14 17:44:21] [SUCCESS] 系统健康检查通过
[2025-08-14 17:44:21] [SUCCESS] 监控报告已生成
[2025-08-14 17:44:21] [INFO] 清理旧监控报告...
[2025-08-14 17:44:21] [SUCCESS] 单次监控检查完成
[2025-08-14 17:44:21] [INFO] 收集质量指标...
[2025-08-14 17:44:21] [METRIC] 总模块数: 19
[2025-08-14 17:44:22] [METRIC] 元数据完整性: 100% (19/19)
[2025-08-14 17:44:22] [METRIC] 平均文件大小: 2986 字节
[2025-08-14 17:44:22] [METRIC] 最近7天更新的模块: 19
[2025-08-14 17:44:22] [METRIC] 未提交变更: 27
[2025-08-14 17:44:22] [METRIC] 最后提交: 0c2e0c4 feat(monitoring): 添加监控报告和审查报告生成功能
[2025-08-14 17:44:38] [INFO] 开始持续监控 - 监控目录: ./prompts
[2025-08-14 17:44:38] [INFO] 执行单次监控检查
[2025-08-14 17:44:38] [INFO] 执行系统健康检查...
[2025-08-14 17:44:38] [SUCCESS] 系统健康检查通过
[2025-08-14 17:44:38] [INFO] 收集质量指标...
[2025-08-14 17:44:38] [METRIC] 总模块数: 19
[2025-08-14 17:44:38] [METRIC] 元数据完整性: 100% (19/19)
[2025-08-14 17:44:38] [METRIC] 平均文件大小: 2986 字节
[2025-08-14 17:44:38] [METRIC] 最近7天更新的模块: 19
[2025-08-14 17:44:38] [METRIC] 未提交变更: 27
[2025-08-14 17:44:38] [METRIC] 最后提交: 0c2e0c4 feat(monitoring): 添加监控报告和审查报告生成功能
[2025-08-14 17:44:38] [INFO] 检查告警条件...
[2025-08-14 17:44:38] [INFO] 指标值: 缺失元数据=0, 完整性=0%, 未提交=0
[2025-08-14 17:44:38] [ERROR] 告警: 元数据完整性过低 (0% < 80%)
[2025-08-14 17:44:38] [INFO] 告警检查完成
[2025-08-14 17:44:38] [INFO] 运行质量审查...
[2025-08-14 17:44:39] [SUCCESS] 质量审查完成
[2025-08-14 17:44:39] [METRIC] 审查发现模块数: 19
[2025-08-14 17:44:39] [INFO] 最新审查报告: outputs/simple_audit_20250814_174438.md
[2025-08-14 17:44:39] [INFO] 生成监控报告: ./outputs/monitoring/monitoring_report_20250814_174439.md
[2025-08-14 17:44:39] [INFO] 收集质量指标...
[2025-08-14 17:44:39] [METRIC] 总模块数: 19
[2025-08-14 17:44:39] [METRIC] 元数据完整性: 100% (19/19)
[2025-08-14 17:44:39] [METRIC] 平均文件大小: 2986 字节
[2025-08-14 17:44:39] [METRIC] 最近7天更新的模块: 19
[2025-08-14 17:44:39] [METRIC] 未提交变更: 28
[2025-08-14 17:44:39] [METRIC] 最后提交: 0c2e0c4 feat(monitoring): 添加监控报告和审查报告生成功能
[2025-08-14 17:44:39] [INFO] 执行系统健康检查...
[2025-08-14 17:44:39] [SUCCESS] 系统健康检查通过
[2025-08-14 17:44:39] [SUCCESS] 监控报告已生成
[2025-08-14 17:44:39] [INFO] 清理旧监控报告...
[2025-08-14 17:44:39] [SUCCESS] 单次监控检查完成
[2025-08-14 17:44:39] [INFO] 收集质量指标...
[2025-08-14 17:44:39] [METRIC] 总模块数: 19
[2025-08-14 17:44:40] [METRIC] 元数据完整性: 100% (19/19)
[2025-08-14 17:44:40] [METRIC] 平均文件大小: 2986 字节
[2025-08-14 17:44:40] [METRIC] 最近7天更新的模块: 19
[2025-08-14 17:44:40] [METRIC] 未提交变更: 29
[2025-08-14 17:44:40] [METRIC] 最后提交: 0c2e0c4 feat(monitoring): 添加监控报告和审查报告生成功能
[2025-08-14 17:45:01] [INFO] 开始持续监控 - 监控目录: ./prompts
[2025-08-14 17:45:01] [INFO] 执行单次监控检查
[2025-08-14 17:45:01] [INFO] 执行系统健康检查...
[2025-08-14 17:45:01] [SUCCESS] 系统健康检查通过
[2025-08-14 17:45:01] [INFO] 收集质量指标...
[2025-08-14 17:45:01] [METRIC] 总模块数: 19
[2025-08-14 17:45:01] [METRIC] 元数据完整性: 100% (19/19)
[2025-08-14 17:45:01] [METRIC] 平均文件大小: 2986 字节
[2025-08-14 17:45:01] [METRIC] 最近7天更新的模块: 19
[2025-08-14 17:45:01] [METRIC] 未提交变更: 29
[2025-08-14 17:45:01] [METRIC] 最后提交: 0c2e0c4 feat(monitoring): 添加监控报告和审查报告生成功能
[2025-08-14 17:45:01] [INFO] 检查告警条件...
[2025-08-14 17:45:01] [INFO] 指标值: 缺失元数据=0, 完整性=0%, 未提交=0
[2025-08-14 17:45:01] [ERROR] 告警: 元数据完整性过低 (0% < 80%)
[2025-08-14 17:45:01] [INFO] 告警检查完成
[2025-08-14 17:45:01] [INFO] 运行质量审查...
[2025-08-14 17:45:02] [SUCCESS] 质量审查完成
[2025-08-14 17:45:02] [METRIC] 审查发现模块数: 19
[2025-08-14 17:45:02] [INFO] 最新审查报告: outputs/simple_audit_20250814_174501.md
[2025-08-14 17:45:02] [INFO] 生成监控报告: ./outputs/monitoring/monitoring_report_20250814_174502.md
[2025-08-14 17:45:02] [INFO] 收集质量指标...
[2025-08-14 17:45:02] [METRIC] 总模块数: 19
[2025-08-14 17:45:02] [METRIC] 元数据完整性: 100% (19/19)
[2025-08-14 17:45:02] [METRIC] 平均文件大小: 2986 字节
[2025-08-14 17:45:02] [METRIC] 最近7天更新的模块: 19
[2025-08-14 17:45:02] [METRIC] 未提交变更: 30
[2025-08-14 17:45:02] [METRIC] 最后提交: 0c2e0c4 feat(monitoring): 添加监控报告和审查报告生成功能
[2025-08-14 17:45:02] [INFO] 执行系统健康检查...
[2025-08-14 17:45:02] [SUCCESS] 系统健康检查通过
[2025-08-14 17:45:02] [SUCCESS] 监控报告已生成
[2025-08-14 17:45:02] [INFO] 清理旧监控报告...
[2025-08-14 17:45:02] [SUCCESS] 单次监控检查完成
[2025-08-14 17:45:02] [INFO] 收集质量指标...
[2025-08-14 17:45:03] [METRIC] 总模块数: 19
[2025-08-14 17:45:03] [METRIC] 元数据完整性: 100% (19/19)
[2025-08-14 17:45:03] [METRIC] 平均文件大小: 2986 字节
[2025-08-14 17:45:03] [METRIC] 最近7天更新的模块: 19
[2025-08-14 17:45:03] [METRIC] 未提交变更: 31
[2025-08-14 17:45:03] [METRIC] 最后提交: 0c2e0c4 feat(monitoring): 添加监控报告和审查报告生成功能
[2025-08-14 17:47:32] [INFO] 开始持续监控 - 监控目录: ./prompts
[2025-08-14 17:47:32] [INFO] 执行单次监控检查
[2025-08-14 17:47:32] [INFO] 执行系统健康检查...
[2025-08-14 17:47:32] [SUCCESS] 系统健康检查通过
[2025-08-14 17:47:32] [INFO] 收集质量指标...
[2025-08-14 17:47:32] [METRIC] 总模块数: 19
[2025-08-14 17:47:33] [METRIC] 元数据完整性: 100% (19/19)
[2025-08-14 17:47:33] [METRIC] 平均文件大小: 2986 字节
[2025-08-14 17:47:33] [METRIC] 最近7天更新的模块: 19
[2025-08-14 17:47:33] [METRIC] 未提交变更: 31
[2025-08-14 17:47:33] [METRIC] 最后提交: 0c2e0c4 feat(monitoring): 添加监控报告和审查报告生成功能
[2025-08-14 17:47:33] [INFO] 检查告警条件...
[2025-08-14 17:47:33] [INFO] 指标值: 缺失元数据=0, 完整性=100%, 未提交=31
[2025-08-14 17:47:33] [WARNING] 警告: 未提交变更较多 (31 > 20)
[2025-08-14 17:47:33] [INFO] 告警检查完成
[2025-08-14 17:47:33] [INFO] 运行质量审查...
[2025-08-14 17:47:33] [SUCCESS] 质量审查完成
[2025-08-14 17:47:33] [METRIC] 审查发现模块数: 19
[2025-08-14 17:47:33] [INFO] 最新审查报告: outputs/simple_audit_20250814_174733.md
[2025-08-14 17:47:33] [INFO] 生成监控报告: ./outputs/monitoring/monitoring_report_20250814_174733.md
[2025-08-14 17:47:33] [INFO] 收集质量指标...
[2025-08-14 17:47:33] [METRIC] 总模块数: 19
[2025-08-14 17:47:33] [METRIC] 元数据完整性: 100% (19/19)
[2025-08-14 17:47:33] [METRIC] 平均文件大小: 2986 字节
[2025-08-14 17:47:33] [METRIC] 最近7天更新的模块: 19
[2025-08-14 17:47:33] [METRIC] 未提交变更: 32
[2025-08-14 17:47:33] [METRIC] 最后提交: 0c2e0c4 feat(monitoring): 添加监控报告和审查报告生成功能
[2025-08-14 17:47:33] [INFO] 执行系统健康检查...
[2025-08-14 17:47:33] [SUCCESS] 系统健康检查通过
[2025-08-14 17:47:33] [SUCCESS] 监控报告已生成
[2025-08-14 17:47:33] [INFO] 清理旧监控报告...
[2025-08-14 17:47:33] [SUCCESS] 单次监控检查完成
